[ErrorHandler]  requestInfo {
  user_id: 'anonymous',
  app_version: 'anonymous',
  platform: 'anonymous',
  tech: 'anonymous',
  method: 'POST',
  path: '/open/api/member/create',
  body: '{"name":"Alice","email":"alice.filetest@example.com","college":"MIT","org_id":1,"event_id":1,"team_name":"The Alphas"}',
  query: [Object: null prototype] {}
} err error: insert into "members" ("college", "email", "event_id", "name", "org_id") values ($1, $2, $3, $4, $5) returning * - insert or update on table "members" violates foreign key constraint "members_event_id_foreign"
    at parseErrorMessage (C:\Users\sahil\hackmaster\hackmaster\server\node_modules\pg-protocol\dist\parser.js:305:11)
    at Parser.handlePacket (C:\Users\sahil\hackmaster\hackmaster\server\node_modules\pg-protocol\dist\parser.js:143:27)
    at Parser.parse (C:\Users\sahil\hackmaster\hackmaster\server\node_modules\pg-protocol\dist\parser.js:37:38)
    at TLSSocket.<anonymous> (C:\Users\sahil\hackmaster\hackmaster\server\node_modules\pg-protocol\dist\index.js:11:42)
    at TLSSocket.emit (node:events:518:28)
    at addChunk (node:internal/streams/readable:561:12)
    at readableAddChunkPushByteMode (node:internal/streams/readable:512:3)
    at Readable.push (node:internal/streams/readable:392:5)
    at TLSWrap.onStreamRead (node:internal/stream_base_commons:189:23) {
  length: 260,
  severity: 'ERROR',
  code: '23503',
  detail: 'Key (event_id)=(1) is not present in table "events".',
  hint: undefined,
  position: undefined,
  internalPosition: undefined,
  internalQuery: undefined,
  where: undefined,
  schema: 'public',
  table: 'members',
  column: undefined,
  dataType: undefined,
  constraint: 'members_event_id_foreign',
  file: 'ri_triggers.c',
  line: '2599',
  routine: 'ri_ReportViolation'
}
